[debug] [2021-10-13T04:14:18.620Z] ----------------------------------------------------------------------
[debug] [2021-10-13T04:14:18.622Z] Command:       C:\Program Files\nodejs\node.exe C:\Users\Donny\AppData\Roaming\npm\node_modules\firebase-tools\lib\bin\firebase.js init
[debug] [2021-10-13T04:14:18.623Z] CLI Version:   9.16.0
[debug] [2021-10-13T04:14:18.623Z] Platform:      win32
[debug] [2021-10-13T04:14:18.623Z] Node Version:  v14.17.0
[debug] [2021-10-13T04:14:18.624Z] Time:          Wed Oct 13 2021 00:14:18 GMT-0400 (Eastern Daylight Time)
[debug] [2021-10-13T04:14:18.625Z] ----------------------------------------------------------------------
[debug] 
[debug] [2021-10-13T04:14:18.688Z] > command requires scopes: ["email","openid","https://www.googleapis.com/auth/cloudplatformprojects.readonly","https://www.googleapis.com/auth/firebase","https://www.googleapis.com/auth/cloud-platform"]
[debug] [2021-10-13T04:14:18.689Z] > authorizing via signed-in user (donthephan@gmail.com)
[info] 
     ######## #### ########  ######## ########     ###     ######  ########
     ##        ##  ##     ## ##       ##     ##  ##   ##  ##       ##
     ######    ##  ########  ######   ########  #########  ######  ######
     ##        ##  ##    ##  ##       ##     ## ##     ##       ## ##
     ##       #### ##     ## ######## ########  ##     ##  ######  ########

You're about to initialize a Firebase project in this directory:

  C:\Users\Donny\CODING\Donny's Personal Projects\Web Development\React\food-api

Before we get started, keep in mind:

  * You are initializing within an existing Firebase project directory

[info] 
=== Project Setup
[info] 
[info] First, let's associate this project directory with a Firebase project.
[info] You can create multiple project aliases by running firebase use --add, 
[info] but for now we'll just set up a default project.
[info] 
[info] i  .firebaserc already has a default project, using food-api-f23bf. 
[debug] [2021-10-13T04:14:25.695Z] > refreshing access token with scopes: []
[debug] [2021-10-13T04:14:25.695Z] >>> HTTP REQUEST POST https://www.googleapis.com/oauth2/v3/token  
 <request body omitted>
[debug] [2021-10-13T04:14:26.023Z] <<< HTTP RESPONSE 200 {"expires":"Mon, 01 Jan 1990 00:00:00 GMT","pragma":"no-cache","date":"Wed, 13 Oct 2021 04:14:24 GMT","cache-control":"no-cache, no-store, max-age=0, must-revalidate","content-type":"application/json; charset=utf-8","vary":"X-Origin, Referer, Origin,Accept-Encoding","server":"scaffolding on HTTPServer2","x-xss-protection":"0","x-frame-options":"SAMEORIGIN","x-content-type-options":"nosniff","alt-svc":"h3=\":443\"; ma=2592000,h3-29=\":443\"; ma=2592000,h3-T051=\":443\"; ma=2592000,h3-Q050=\":443\"; ma=2592000,h3-Q046=\":443\"; ma=2592000,h3-Q043=\":443\"; ma=2592000,quic=\":443\"; ma=2592000; v=\"46,43\"","accept-ranges":"none","transfer-encoding":"chunked"}
[debug] [2021-10-13T04:14:26.034Z] >>> [apiv2][query] GET https://firebase.googleapis.com/v1beta1/projects/food-api-f23bf [none]
[debug] [2021-10-13T04:14:26.620Z] <<< [apiv2][status] GET https://firebase.googleapis.com/v1beta1/projects/food-api-f23bf 200
[debug] [2021-10-13T04:14:26.620Z] <<< [apiv2][body] GET https://firebase.googleapis.com/v1beta1/projects/food-api-f23bf {"projectId":"food-api-f23bf","projectNumber":"276252879614","displayName":"food-api","name":"projects/food-api-f23bf","resources":{"hostingSite":"food-api-f23bf","realtimeDatabaseInstance":"food-api-f23bf-default-rtdb"},"state":"ACTIVE"}
[info] 
=== Hosting Setup
[info] 
[info] Your public directory is the folder (relative to your project directory) that
[info] will contain Hosting assets to be uploaded with firebase deploy. If you
[info] have a build process for your assets, use your build's output directory.
[info] 
